e:\myfiles\mydata\programs\c++\winapitest\mypaint\mypaint\x64\debug\vc141.pdb
e:\myfiles\mydata\programs\c++\winapitest\mypaint\mypaint\x64\debug\vc141.idb
e:\myfiles\mydata\programs\c++\winapitest\mypaint\mypaint\x64\debug\winmain.obj
e:\myfiles\mydata\programs\c++\winapitest\mypaint\mypaint\x64\debug\rectangleshape.obj
e:\myfiles\mydata\programs\c++\winapitest\mypaint\mypaint\x64\debug\mainwindow.obj
e:\myfiles\mydata\programs\c++\winapitest\mypaint\mypaint\x64\debug\line.obj
e:\myfiles\mydata\programs\c++\winapitest\mypaint\mypaint\x64\debug\ishape.obj
e:\myfiles\mydata\programs\c++\winapitest\mypaint\mypaint\x64\debug\ellipseshape.obj
e:\myfiles\mydata\programs\c++\winapitest\mypaint\mypaint\x64\debug\basewindow.obj
e:\myfiles\mydata\programs\c++\winapitest\mypaint\x64\debug\mypaint.ilk
e:\myfiles\mydata\programs\c++\winapitest\mypaint\x64\debug\mypaint.exe
e:\myfiles\mydata\programs\c++\winapitest\mypaint\x64\debug\mypaint.pdb
e:\myfiles\mydata\programs\c++\winapitest\mypaint\mypaint\x64\debug\mypaint.res
e:\myfiles\mydata\programs\c++\winapitest\mypaint\mypaint\x64\debug\mypaint.tlog\cl.command.1.tlog
e:\myfiles\mydata\programs\c++\winapitest\mypaint\mypaint\x64\debug\mypaint.tlog\cl.read.1.tlog
e:\myfiles\mydata\programs\c++\winapitest\mypaint\mypaint\x64\debug\mypaint.tlog\cl.write.1.tlog
e:\myfiles\mydata\programs\c++\winapitest\mypaint\mypaint\x64\debug\mypaint.tlog\link.command.1.tlog
e:\myfiles\mydata\programs\c++\winapitest\mypaint\mypaint\x64\debug\mypaint.tlog\link.read.1.tlog
e:\myfiles\mydata\programs\c++\winapitest\mypaint\mypaint\x64\debug\mypaint.tlog\link.write.1.tlog
e:\myfiles\mydata\programs\c++\winapitest\mypaint\mypaint\x64\debug\mypaint.tlog\rc.command.1.tlog
e:\myfiles\mydata\programs\c++\winapitest\mypaint\mypaint\x64\debug\mypaint.tlog\rc.read.1.tlog
e:\myfiles\mydata\programs\c++\winapitest\mypaint\mypaint\x64\debug\mypaint.tlog\rc.write.1.tlog
